<?xml version="1.0"?><coverage lines-covered="655" lines-valid="876" line-rate="0.747716894977169" branches-covered="0" branches-valid="0" branch-rate="0" complexity="0" version="1.9" timestamp="1758343326"><sources><source>/Users/honce/Projects/obsidian/obsidian-cli-rs</source></sources><packages><package name="tests" line-rate="0" branch-rate="0" complexity="0"><classes></classes></package><package name="src/commands" line-rate="0.6520376175548589" branch-rate="0" complexity="0"><classes><class name="add_uid" filename="src/commands/add_uid.rs" line-rate="0.35294117647058826" branch-rate="0" complexity="0"><methods/><lines><line number="10" hits="22"/><line number="11" hits="44"/><line number="12" hits="6"/><line number="15" hits="3"/><line number="16" hits="0"/><line number="17" hits="0"/><line number="18" hits="0"/><line number="19" hits="0"/><line number="20" hits="0"/><line number="21" hits="0"/><line number="23" hits="0"/><line number="27" hits="0"/><line number="42" hits="5"/><line number="44" hits="0"/><line number="45" hits="0"/><line number="49" hits="0"/><line number="51" hits="5"/></lines></class><class name="cat" filename="src/commands/cat.rs" line-rate="0.8" branch-rate="0" complexity="0"><methods/><lines><line number="7" hits="18"/><line number="8" hits="36"/><line number="12" hits="0"/><line number="16" hits="18"/><line number="20" hits="9"/></lines></class><class name="edit" filename="src/commands/edit.rs" line-rate="1" branch-rate="0" complexity="0"><methods/><lines><line number="9" hits="20"/><line number="10" hits="40"/><line number="12" hits="1"/><line number="21" hits="3"/></lines></class><class name="find" filename="src/commands/find.rs" line-rate="1" branch-rate="0" complexity="0"><methods/><lines><line number="8" hits="26"/><line number="9" hits="23"/><line number="10" hits="30"/><line number="11" hits="10"/><line number="14" hits="65"/><line number="17" hits="1"/><line number="18" hits="1"/><line number="19" hits="2"/><line number="21" hits="1"/><line number="23" hits="36"/><line number="28" hits="27"/><line number="29" hits="18"/><line number="30" hits="9"/></lines></class><class name="info" filename="src/commands/info.rs" line-rate="0.75" branch-rate="0" complexity="0"><methods/><lines><line number="11" hits="12"/><line number="12" hits="18"/><line number="49" hits="4"/><line number="71" hits="0"/><line number="73" hits="12"/><line number="75" hits="0"/><line number="77" hits="4"/><line number="81" hits="12"/><line number="83" hits="0"/><line number="111" hits="8"/><line number="112" hits="2"/><line number="147" hits="6"/></lines></class><class name="journal" filename="src/commands/journal.rs" line-rate="0.6" branch-rate="0" complexity="0"><methods/><lines><line number="10" hits="22"/><line number="11" hits="30"/><line number="13" hits="1"/><line number="14" hits="1"/><line number="15" hits="1"/><line number="24" hits="2"/><line number="28" hits="10"/><line number="35" hits="0"/><line number="36" hits="0"/><line number="37" hits="0"/><line number="38" hits="0"/><line number="44" hits="18"/><line number="45" hits="1"/><line number="48" hits="8"/><line number="50" hits="16"/><line number="56" hits="8"/><line number="57" hits="0"/><line number="59" hits="8"/><line number="60" hits="0"/><line number="61" hits="0"/><line number="62" hits="0"/><line number="63" hits="0"/><line number="64" hits="0"/><line number="70" hits="9"/><line number="72" hits="9"/></lines></class><class name="ls" filename="src/commands/ls.rs" line-rate="0.8863636363636364" branch-rate="0" complexity="0"><methods/><lines><line number="7" hits="20"/><line number="8" hits="20"/><line number="10" hits="203"/><line number="11" hits="10"/><line number="12" hits="10"/><line number="13" hits="376"/><line number="15" hits="715"/><line number="16" hits="417"/><line number="17" hits="138"/><line number="18" hits="138"/><line number="24" hits="10"/><line number="26" hits="10"/><line number="27" hits="15"/><line number="38" hits="271"/><line number="43" hits="10"/><line number="47" hits="7"/><line number="49" hits="14"/><line number="51" hits="4"/><line number="54" hits="8"/><line number="60" hits="0"/><line number="61" hits="0"/><line number="67" hits="14"/><line number="71" hits="65"/><line number="72" hits="9"/><line number="73" hits="8"/><line number="75" hits="8"/><line number="77" hits="0"/><line number="78" hits="0"/><line number="83" hits="0"/><line number="86" hits="1"/><line number="92" hits="2"/><line number="93" hits="4"/><line number="94" hits="6"/><line number="95" hits="4"/><line number="96" hits="8"/><line number="97" hits="6"/><line number="99" hits="2"/><line number="103" hits="4"/><line number="104" hits="8"/><line number="105" hits="12"/><line number="106" hits="8"/><line number="107" hits="16"/><line number="108" hits="12"/><line number="110" hits="4"/></lines></class><class name="meta" filename="src/commands/meta.rs" line-rate="0.75" branch-rate="0" complexity="0"><methods/><lines><line number="10" hits="13"/><line number="16" hits="52"/><line number="17" hits="12"/><line number="22" hits="22"/><line number="23" hits="6"/><line number="25" hits="76"/><line number="31" hits="1"/><line number="32" hits="2"/><line number="33" hits="3"/><line number="35" hits="0"/><line number="48" hits="2"/><line number="49" hits="3"/><line number="50" hits="4"/><line number="52" hits="2"/><line number="53" hits="2"/><line number="54" hits="2"/><line number="55" hits="1"/><line number="56" hits="1"/><line number="57" hits="3"/><line number="58" hits="1"/><line number="66" hits="12"/><line number="69" hits="46"/><line number="70" hits="46"/><line number="71" hits="126"/><line number="72" hits="0"/><line number="73" hits="0"/><line number="74" hits="8"/><line number="76" hits="12"/><line number="78" hits="0"/><line number="79" hits="0"/><line number="83" hits="1"/><line number="85" hits="1"/><line number="89" hits="1"/><line number="93" hits="1"/><line number="94" hits="0"/><line number="100" hits="1"/><line number="101" hits="0"/><line number="102" hits="0"/><line number="104" hits="0"/><line number="106" hits="0"/></lines></class><class name="new" filename="src/commands/new.rs" line-rate="0.8333333333333334" branch-rate="0" complexity="0"><methods/><lines><line number="10" hits="20"/><line number="11" hits="30"/><line number="12" hits="22"/><line number="13" hits="2"/><line number="16" hits="20"/><line number="17" hits="12"/><line number="18" hits="0"/><line number="25" hits="14"/><line number="26" hits="4"/><line number="27" hits="4"/><line number="28" hits="6"/><line number="33" hits="20"/><line number="34" hits="0"/><line number="37" hits="10"/><line number="39" hits="20"/><line number="45" hits="10"/><line number="46" hits="20"/><line number="47" hits="30"/><line number="48" hits="19"/><line number="49" hits="9"/><line number="53" hits="0"/><line number="58" hits="10"/><line number="59" hits="0"/><line number="62" hits="10"/><line number="63" hits="0"/><line number="66" hits="10"/><line number="67" hits="18"/><line number="68" hits="2"/><line number="70" hits="7"/><line number="72" hits="63"/></lines></class><class name="query" filename="src/commands/query.rs" line-rate="0.5086206896551724" branch-rate="0" complexity="0"><methods/><lines><line number="23" hits="30"/><line number="24" hits="32"/><line number="25" hits="0"/><line number="33" hits="26"/><line number="34" hits="14"/><line number="37" hits="22"/><line number="40" hits="15"/><line number="41" hits="2"/><line number="43" hits="14"/><line number="44" hits="1"/><line number="49" hits="205"/><line number="52" hits="410"/><line number="54" hits="550"/><line number="55" hits="108"/><line number="58" hits="97"/><line number="61" hits="0"/><line number="62" hits="0"/><line number="63" hits="0"/><line number="64" hits="0"/><line number="65" hits="0"/><line number="66" hits="0"/><line number="68" hits="0"/><line number="71" hits="0"/><line number="77" hits="0"/><line number="78" hits="0"/><line number="80" hits="0"/><line number="83" hits="97"/><line number="86" hits="0"/><line number="87" hits="0"/><line number="88" hits="0"/><line number="89" hits="0"/><line number="90" hits="0"/><line number="93" hits="0"/><line number="101" hits="7"/><line number="102" hits="0"/><line number="104" hits="14"/><line number="105" hits="2"/><line number="109" hits="335"/><line number="112" hits="73"/><line number="114" hits="5"/><line number="119" hits="111"/><line number="121" hits="42"/><line number="124" hits="28"/><line number="126" hits="21"/><line number="130" hits="27"/><line number="138" hits="1"/><line number="139" hits="3"/><line number="141" hits="14"/><line number="147" hits="6"/><line number="148" hits="6"/><line number="149" hits="10"/><line number="150" hits="0"/><line number="151" hits="0"/><line number="152" hits="2"/><line number="156" hits="62"/><line number="157" hits="62"/><line number="158" hits="49"/><line number="159" hits="57"/><line number="160" hits="21"/><line number="164" hits="14"/><line number="165" hits="28"/><line number="166" hits="36"/><line number="167" hits="9"/><line number="172" hits="36"/><line number="177" hits="0"/><line number="181" hits="0"/><line number="182" hits="0"/><line number="183" hits="0"/><line number="184" hits="0"/><line number="185" hits="0"/><line number="186" hits="0"/><line number="187" hits="0"/><line number="193" hits="0"/><line number="194" hits="0"/><line number="195" hits="0"/><line number="196" hits="0"/><line number="197" hits="0"/><line number="198" hits="0"/><line number="199" hits="0"/><line number="200" hits="0"/><line number="201" hits="0"/><line number="204" hits="0"/><line number="208" hits="0"/><line number="210" hits="0"/><line number="217" hits="0"/><line number="218" hits="0"/><line number="222" hits="0"/><line number="223" hits="0"/><line number="226" hits="3"/><line number="228" hits="6"/><line number="229" hits="10"/><line number="230" hits="10"/><line number="231" hits="10"/><line number="232" hits="5"/><line number="234" hits="10"/><line number="235" hits="10"/><line number="237" hits="5"/><line number="238" hits="5"/><line number="239" hits="5"/><line number="240" hits="125"/><line number="241" hits="5"/><line number="244" hits="10"/><line number="247" hits="5"/><line number="251" hits="5"/><line number="256" hits="0"/><line number="257" hits="0"/><line number="258" hits="0"/><line number="259" hits="0"/><line number="260" hits="0"/><line number="261" hits="0"/><line number="263" hits="0"/><line number="264" hits="0"/><line number="265" hits="0"/><line number="266" hits="0"/><line number="268" hits="0"/><line number="269" hits="0"/></lines></class><class name="rm" filename="src/commands/rm.rs" line-rate="0.36363636363636365" branch-rate="0" complexity="0"><methods/><lines><line number="8" hits="12"/><line number="9" hits="24"/><line number="12" hits="0"/><line number="16" hits="0"/><line number="18" hits="0"/><line number="19" hits="0"/><line number="21" hits="0"/><line number="22" hits="0"/><line number="27" hits="3"/><line number="29" hits="1"/><line number="30" hits="0"/></lines></class><class name="serve" filename="src/commands/serve.rs" line-rate="0" branch-rate="0" complexity="0"><methods/><lines><line number="14" hits="0"/><line number="17" hits="0"/></lines></class></classes></package><package name="src" line-rate="0.747716894977169" branch-rate="0" complexity="0"><classes><class name="cli" filename="src/cli.rs" line-rate="0.7608695652173914" branch-rate="0" complexity="0"><methods/><lines><line number="146" hits="44"/><line number="147" hits="44"/><line number="149" hits="0"/><line number="151" hits="44"/><line number="154" hits="22"/><line number="158" hits="44"/><line number="159" hits="44"/><line number="167" hits="22"/><line number="172" hits="0"/><line number="176" hits="9"/><line number="177" hits="9"/><line number="178" hits="36"/><line number="179" hits="0"/><line number="180" hits="18"/><line number="181" hits="2"/><line number="182" hits="0"/><line number="183" hits="20"/><line number="185" hits="1"/><line number="186" hits="1"/><line number="187" hits="1"/><line number="188" hits="7"/><line number="190" hits="1"/><line number="191" hits="1"/><line number="192" hits="4"/><line number="194" hits="2"/><line number="195" hits="2"/><line number="196" hits="2"/><line number="197" hits="2"/><line number="198" hits="2"/><line number="199" hits="2"/><line number="200" hits="2"/><line number="203" hits="4"/><line number="204" hits="6"/><line number="205" hits="6"/><line number="208" hits="4"/><line number="211" hits="6"/><line number="214" hits="0"/><line number="215" hits="0"/><line number="216" hits="0"/><line number="217" hits="0"/><line number="223" hits="2"/><line number="224" hits="2"/><line number="225" hits="0"/><line number="226" hits="2"/><line number="227" hits="0"/><line number="228" hits="0"/></lines></class><class name="config" filename="src/config.rs" line-rate="0.8571428571428571" branch-rate="0" complexity="0"><methods/><lines><line number="5" hits="22"/><line number="6" hits="44"/><line number="21" hits="22"/><line number="22" hits="44"/><line number="25" hits="44"/><line number="30" hits="44"/><line number="35" hits="44"/><line number="43" hits="22"/><line number="46" hits="133"/><line number="47" hits="133"/><line number="49" hits="133"/><line number="50" hits="133"/><line number="53" hits="22"/><line number="54" hits="44"/><line number="56" hits="88"/><line number="57" hits="44"/><line number="58" hits="22"/><line number="59" hits="0"/><line number="64" hits="0"/><line number="67" hits="22"/><line number="68" hits="66"/><line number="69" hits="22"/><line number="71" hits="22"/><line number="72" hits="0"/><line number="77" hits="22"/><line number="78" hits="44"/><line number="79" hits="66"/><line number="80" hits="22"/><line number="83" hits="22"/><line number="90" hits="0"/><line number="93" hits="44"/><line number="95" hits="22"/><line number="98" hits="0"/><line number="101" hits="44"/><line number="102" hits="22"/><line number="103" hits="0"/><line number="109" hits="22"/><line number="114" hits="113"/><line number="116" hits="226"/><line number="121" hits="226"/><line number="122" hits="339"/><line number="123" hits="226"/></lines></class><class name="frontmatter" filename="src/frontmatter.rs" line-rate="0.9354838709677419" branch-rate="0" complexity="0"><methods/><lines><line number="13" hits="282"/><line number="14" hits="846"/><line number="19" hits="289"/><line number="20" hits="578"/><line number="21" hits="288"/><line number="22" hits="410"/><line number="26" hits="83"/><line number="32" hits="166"/><line number="33" hits="2"/><line number="36" hits="1"/><line number="38" hits="287"/><line number="43" hits="2"/><line number="49" hits="31"/><line number="53" hits="62"/><line number="54" hits="1"/><line number="60" hits="472"/><line number="65" hits="30"/><line number="66" hits="0"/><line number="72" hits="11"/><line number="73" hits="33"/><line number="81" hits="9"/><line number="82" hits="0"/><line number="84" hits="9"/><line number="88" hits="20"/><line number="93" hits="60"/><line number="95" hits="100"/><line number="96" hits="100"/><line number="97" hits="100"/><line number="98" hits="40"/><line number="99" hits="40"/><line number="100" hits="20"/></lines></class><class name="main" filename="src/main.rs" line-rate="1" branch-rate="0" complexity="0"><methods/><lines><line number="16" hits="24"/><line number="17" hits="72"/><line number="18" hits="48"/><line number="19" hits="74"/></lines></class><class name="mcp_server" filename="src/mcp_server.rs" line-rate="0.7575757575757576" branch-rate="0" complexity="0"><methods/><lines><line number="12" hits="0"/><line number="13" hits="0"/><line number="15" hits="0"/><line number="17" hits="0"/><line number="19" hits="0"/><line number="58" hits="2"/><line number="59" hits="4"/><line number="60" hits="4"/><line number="61" hits="4"/><line number="62" hits="2"/><line number="64" hits="10"/><line number="67" hits="6"/><line number="73" hits="21"/><line number="79" hits="42"/><line number="80" hits="42"/><line number="81" hits="42"/><line number="82" hits="21"/><line number="84" hits="105"/><line number="86" hits="105"/><line number="91" hits="63"/><line number="103" hits="36"/><line number="107" hits="0"/><line number="108" hits="0"/><line number="109" hits="0"/><line number="110" hits="0"/><line number="111" hits="0"/><line number="114" hits="0"/><line number="115" hits="0"/><line number="116" hits="0"/><line number="118" hits="0"/><line number="119" hits="0"/><line number="120" hits="0"/><line number="121" hits="0"/><line number="122" hits="0"/><line number="123" hits="0"/><line number="124" hits="0"/><line number="125" hits="0"/><line number="126" hits="0"/><line number="129" hits="0"/><line number="136" hits="68"/><line number="137" hits="68"/><line number="138" hits="36"/><line number="139" hits="2"/><line number="140" hits="2"/><line number="141" hits="2"/><line number="142" hits="2"/><line number="144" hits="2"/><line number="145" hits="2"/><line number="147" hits="2"/><line number="148" hits="2"/><line number="151" hits="2"/><line number="152" hits="1"/><line number="153" hits="1"/><line number="156" hits="35"/><line number="157" hits="116"/><line number="158" hits="6"/><line number="159" hits="6"/><line number="160" hits="3"/><line number="161" hits="1"/><line number="162" hits="1"/><line number="163" hits="1"/><line number="164" hits="1"/><line number="176" hits="21"/><line number="177" hits="14"/><line number="179" hits="7"/><line number="184" hits="2"/><line number="185" hits="2"/><line number="186" hits="2"/><line number="188" hits="2"/><line number="189" hits="2"/><line number="190" hits="2"/><line number="191" hits="2"/><line number="192" hits="2"/><line number="193" hits="2"/><line number="194" hits="2"/><line number="195" hits="2"/><line number="197" hits="2"/><line number="198" hits="2"/><line number="199" hits="2"/><line number="200" hits="2"/><line number="202" hits="2"/><line number="203" hits="2"/><line number="204" hits="2"/><line number="205" hits="2"/><line number="208" hits="2"/><line number="212" hits="2"/><line number="213" hits="2"/><line number="214" hits="2"/><line number="215" hits="2"/><line number="216" hits="2"/><line number="217" hits="2"/><line number="218" hits="2"/><line number="219" hits="2"/><line number="221" hits="2"/><line number="222" hits="2"/><line number="223" hits="2"/><line number="224" hits="2"/><line number="227" hits="2"/><line number="231" hits="2"/><line number="232" hits="2"/><line number="233" hits="2"/><line number="234" hits="2"/><line number="235" hits="2"/><line number="236" hits="2"/><line number="237" hits="2"/><line number="238" hits="2"/><line number="240" hits="2"/><line number="241" hits="2"/><line number="242" hits="2"/><line number="243" hits="2"/><line number="246" hits="2"/><line number="250" hits="2"/><line number="251" hits="2"/><line number="252" hits="2"/><line number="253" hits="2"/><line number="254" hits="1"/><line number="255" hits="1"/><line number="262" hits="28"/><line number="266" hits="82"/><line number="268" hits="4"/><line number="269" hits="2"/><line number="272" hits="26"/><line number="274" hits="52"/><line number="277" hits="0"/><line number="278" hits="0"/><line number="285" hits="33"/><line number="286" hits="36"/><line number="287" hits="23"/><line number="288" hits="7"/><line number="289" hits="1"/><line number="290" hits="1"/><line number="291" hits="1"/><line number="292" hits="1"/><line number="297" hits="11"/><line number="301" hits="20"/><line number="303" hits="29"/><line number="304" hits="11"/><line number="306" hits="4"/><line number="307" hits="2"/><line number="312" hits="18"/><line number="317" hits="18"/><line number="322" hits="16"/><line number="324" hits="1"/><line number="330" hits="2"/><line number="331" hits="2"/><line number="332" hits="5"/><line number="333" hits="5"/><line number="336" hits="1"/><line number="337" hits="1"/><line number="342" hits="1"/><line number="345" hits="1"/><line number="349" hits="8"/><line number="352" hits="0"/><line number="353" hits="0"/><line number="358" hits="16"/><line number="360" hits="2"/><line number="361" hits="4"/><line number="362" hits="4"/><line number="364" hits="0"/><line number="365" hits="0"/><line number="368" hits="7"/><line number="373" hits="0"/><line number="374" hits="0"/><line number="377" hits="8"/><line number="393" hits="7"/><line number="397" hits="14"/><line number="399" hits="21"/><line number="400" hits="7"/><line number="402" hits="0"/><line number="403" hits="0"/><line number="408" hits="14"/><line number="411" hits="7"/><line number="412" hits="0"/><line number="413" hits="0"/><line number="414" hits="0"/><line number="415" hits="0"/><line number="416" hits="0"/><line number="431" hits="2"/><line number="434" hits="1"/><line number="437" hits="6"/><line number="439" hits="12"/><line number="440" hits="36"/><line number="441" hits="12"/><line number="442" hits="12"/><line number="443" hits="12"/><line number="453" hits="12"/><line number="464" hits="5"/><line number="468" hits="10"/><line number="470" hits="15"/><line number="471" hits="5"/><line number="473" hits="0"/><line number="474" hits="0"/><line number="479" hits="10"/><line number="484" hits="3"/><line number="485" hits="1"/><line number="489" hits="1"/><line number="507" hits="16"/><line number="509" hits="0"/><line number="510" hits="0"/><line number="514" hits="1"/><line number="517" hits="3"/><line number="518" hits="3"/><line number="519" hits="0"/><line number="536" hits="4"/><line number="537" hits="6"/><line number="539" hits="2"/><line number="540" hits="2"/><line number="542" hits="0"/><line number="543" hits="0"/><line number="548" hits="2"/><line number="549" hits="2"/><line number="559" hits="0"/><line number="590" hits="2"/><line number="591" hits="2"/><line number="592" hits="2"/><line number="594" hits="5"/><line number="595" hits="2"/><line number="596" hits="1"/><line number="597" hits="1"/><line number="603" hits="1"/><line number="607" hits="3"/><line number="609" hits="0"/><line number="610" hits="0"/><line number="613" hits="1"/><line number="615" hits="2"/><line number="618" hits="0"/><line number="619" hits="0"/><line number="623" hits="0"/><line number="624" hits="0"/><line number="626" hits="0"/><line number="628" hits="0"/><line number="629" hits="0"/><line number="640" hits="1"/><line number="641" hits="1"/><line number="642" hits="1"/><line number="643" hits="1"/><line number="649" hits="4"/><line number="653" hits="4"/><line number="654" hits="4"/><line number="655" hits="4"/><line number="656" hits="4"/><line number="657" hits="6"/><line number="658" hits="4"/><line number="660" hits="21"/><line number="661" hits="45"/><line number="665" hits="0"/><line number="668" hits="30"/><line number="669" hits="8"/><line number="671" hits="16"/><line number="675" hits="48"/><line number="682" hits="8"/><line number="686" hits="8"/><line number="687" hits="8"/><line number="691" hits="0"/><line number="692" hits="0"/><line number="693" hits="0"/><line number="694" hits="0"/><line number="695" hits="0"/><line number="696" hits="0"/><line number="698" hits="0"/><line number="699" hits="0"/><line number="703" hits="14"/><line number="704" hits="5"/><line number="705" hits="10"/></lines></class><class name="template" filename="src/template.rs" line-rate="0.7466666666666667" branch-rate="0" complexity="0"><methods/><lines><line number="31" hits="154"/><line number="32" hits="154"/><line number="33" hits="143"/><line number="34" hits="86"/><line number="37" hits="57"/><line number="40" hits="11"/><line number="41" hits="22"/><line number="44" hits="0"/><line number="46" hits="11"/><line number="53" hits="86"/><line number="54" hits="159"/><line number="56" hits="85"/><line number="57" hits="1"/><line number="59" hits="0"/><line number="60" hits="1"/><line number="62" hits="0"/><line number="63" hits="1"/><line number="65" hits="0"/><line number="66" hits="0"/><line number="69" hits="0"/><line number="70" hits="0"/><line number="71" hits="0"/><line number="74" hits="1"/><line number="76" hits="0"/><line number="78" hits="1"/><line number="79" hits="1"/><line number="80" hits="1"/><line number="88" hits="42"/><line number="89" hits="84"/><line number="92" hits="210"/><line number="93" hits="84"/><line number="94" hits="84"/><line number="95" hits="42"/><line number="97" hits="84"/><line number="98" hits="84"/><line number="99" hits="42"/><line number="103" hits="84"/><line number="104" hits="84"/><line number="105" hits="84"/><line number="107" hits="84"/><line number="108" hits="84"/><line number="109" hits="84"/><line number="111" hits="84"/><line number="112" hits="84"/><line number="113" hits="84"/><line number="115" hits="84"/><line number="116" hits="84"/><line number="117" hits="84"/><line number="125" hits="0"/><line number="126" hits="0"/><line number="131" hits="0"/><line number="132" hits="0"/><line number="133" hits="0"/><line number="148" hits="42"/><line number="150" hits="126"/><line number="151" hits="42"/><line number="157" hits="156"/><line number="158" hits="624"/><line number="159" hits="624"/><line number="160" hits="796"/><line number="163" hits="780"/><line number="164" hits="2"/><line number="165" hits="2"/><line number="166" hits="2"/><line number="171" hits="154"/><line number="184" hits="39"/><line number="189" hits="0"/><line number="190" hits="0"/><line number="195" hits="37"/><line number="202" hits="74"/><line number="203" hits="148"/><line number="205" hits="37"/><line number="206" hits="0"/><line number="207" hits="0"/><line number="208" hits="0"/></lines></class><class name="types" filename="src/types.rs" line-rate="0" branch-rate="0" complexity="0"><methods/><lines><line number="21" hits="0"/><line number="22" hits="0"/><line number="23" hits="0"/><line number="24" hits="0"/><line number="25" hits="0"/><line number="26" hits="0"/></lines></class><class name="utils" filename="src/utils.rs" line-rate="0.9775280898876404" branch-rate="0" complexity="0"><methods/><lines><line number="14" hits="414"/><line number="15" hits="1242"/><line number="16" hits="414"/><line number="18" hits="4602"/><line number="21" hits="44"/><line number="26" hits="88"/><line number="27" hits="88"/><line number="28" hits="5819"/><line number="29" hits="44"/><line number="30" hits="44"/><line number="31" hits="11510"/><line number="33" hits="34693"/><line number="34" hits="206"/><line number="35" hits="206"/><line number="37" hits="412"/><line number="38" hits="206"/><line number="39" hits="0"/><line number="46" hits="412"/><line number="50" hits="41"/><line number="52" hits="165"/><line number="53" hits="165"/><line number="55" hits="131"/><line number="59" hits="40"/><line number="64" hits="166"/><line number="65" hits="260"/><line number="66" hits="71"/><line number="68" hits="69"/><line number="70" hits="2"/><line number="78" hits="44"/><line number="81" hits="55"/><line number="82" hits="165"/><line number="85" hits="116"/><line number="86" hits="6"/><line number="90" hits="56"/><line number="91" hits="1"/><line number="97" hits="38"/><line number="109" hits="29"/><line number="111" hits="87"/><line number="112" hits="87"/><line number="113" hits="87"/><line number="114" hits="116"/><line number="115" hits="116"/><line number="116" hits="116"/><line number="117" hits="58"/><line number="121" hits="37"/><line number="123" hits="111"/><line number="126" hits="16"/><line number="127" hits="48"/><line number="128" hits="32"/><line number="129" hits="32"/><line number="130" hits="32"/><line number="131" hits="32"/><line number="132" hits="32"/><line number="134" hits="181"/><line number="135" hits="16"/><line number="136" hits="16"/><line number="137" hits="314"/><line number="139" hits="149"/><line number="140" hits="149"/><line number="142" hits="298"/><line number="143" hits="149"/><line number="144" hits="0"/><line number="148" hits="8"/><line number="151" hits="282"/><line number="152" hits="89"/><line number="153" hits="178"/><line number="156" hits="52"/><line number="157" hits="48"/><line number="159" hits="96"/><line number="162" hits="140"/><line number="166" hits="336"/><line number="167" hits="48"/><line number="169" hits="91"/><line number="170" hits="43"/><line number="173" hits="288"/><line number="174" hits="48"/><line number="175" hits="48"/><line number="177" hits="48"/><line number="178" hits="48"/><line number="182" hits="16"/><line number="184" hits="16"/><line number="203" hits="17"/><line number="204" hits="85"/><line number="205" hits="1"/><line number="209" hits="2"/><line number="210" hits="2"/><line number="211" hits="2"/><line number="212" hits="2"/><line number="216" hits="14"/></lines></class></classes></package></packages></coverage>